#
# There is insufficient memory for the Java Runtime Environment to continue.
# Native memory allocation (malloc) failed to allocate 32744 bytes for ChunkPool::allocate
# Possible reasons:
#   The system is out of physical RAM or swap space
#   The process is running with CompressedOops enabled, and the Java Heap may be blocking the growth of the native heap
# Possible solutions:
#   Reduce memory load on the system
#   Increase physical memory or swap space
#   Check if swap backing store is full
#   Decrease Java heap size (-Xmx/-Xms)
#   Decrease number of Java threads
#   Decrease Java thread stack sizes (-Xss)
#   Set larger code cache with -XX:ReservedCodeCacheSize=
#   JVM is running with Unscaled Compressed Oops mode in which the Java heap is
#     placed in the first 4GB address space. The Java Heap base address is the
#     maximum limit for the native heap growth. Please use -XX:HeapBaseMinAddress
#     to set the Java Heap base and to place the Java Heap above 4GB virtual address.
# This output file may be truncated or incomplete.
#
#  Out of Memory Error (allocation.cpp:272), pid=1020, tid=0x0000000000003880
#
# JRE version: Java(TM) SE Runtime Environment (8.0_211-b12) (build 1.8.0_211-b12)
# Java VM: Java HotSpot(TM) 64-Bit Server VM (25.211-b12 mixed mode windows-amd64 compressed oops)
# Failed to write core dump. Minidumps are not enabled by default on client versions of Windows
#

---------------  T H R E A D  ---------------

Current thread (0x0000000017557000):  JavaThread "C1 CompilerThread2" daemon [_thread_in_native, id=14464, stack(0x0000000019570000,0x0000000019670000)]

Stack: [0x0000000019570000,0x0000000019670000]
[error occurred during error reporting (printing stack bounds), id 0xc0000005]

Native frames: (J=compiled Java code, j=interpreted, Vv=VM code, C=native code)


Current CompileTask:
C1:   1119  211       1       sun.nio.cs.UTF_8$Decoder::decode (779 bytes)


---------------  P R O C E S S  ---------------

Java Threads: ( => current thread )
  0x000000001759e000 JavaThread "Service Thread" daemon [_thread_blocked, id=18812, stack(0x0000000019a70000,0x0000000019b70000)]
=>0x0000000017557000 JavaThread "C1 CompilerThread2" daemon [_thread_in_native, id=14464, stack(0x0000000019570000,0x0000000019670000)]
  0x000000001754b800 JavaThread "C2 CompilerThread1" daemon [_thread_blocked, id=17084, stack(0x0000000019470000,0x0000000019570000)]
  0x0000000017546000 JavaThread "C2 CompilerThread0" daemon [_thread_blocked, id=4568, stack(0x0000000019370000,0x0000000019470000)]
  0x0000000017544800 JavaThread "Attach Listener" daemon [_thread_blocked, id=15972, stack(0x0000000019270000,0x0000000019370000)]
  0x0000000017543000 JavaThread "Signal Dispatcher" daemon [_thread_blocked, id=18728, stack(0x00000000189a0000,0x0000000018aa0000)]
  0x0000000017530000 JavaThread "Finalizer" daemon [_thread_blocked, id=15032, stack(0x00000000187a0000,0x00000000188a0000)]
  0x0000000002b95000 JavaThread "Reference Handler" daemon [_thread_blocked, id=18928, stack(0x00000000186a0000,0x00000000187a0000)]
  0x0000000002aa6000 JavaThread "main" [_thread_in_native, id=12848, stack(0x0000000002930000,0x0000000002a30000)]

Other Threads:
  0x0000000017507800 VMThread [stack: 0x00000000185a0000,0x00000000186a0000] [id=14304]

VM state:not at safepoint (normal execution)

VM Mutex/Monitor currently owned by a thread: None

OutOfMemory and StackOverflow Exception counts:
OutOfMemoryError java_heap_errors=1

heap address: 0x0000000084400000, size: 1980 MB, Compressed Oops mode: 32-bit
Narrow klass base: 0x0000000000000000, Narrow klass shift: 3
Compressed class space size: 1073741824 Address: 0x0000000100000000

Heap:
 PSYoungGen      total 36864K, used 3842K [0x00000000d6c00000, 0x00000000d9500000, 0x0000000100000000)
  eden space 31744K, 12% used [0x00000000d6c00000,0x00000000d6fc0a88,0x00000000d8b00000)
  from space 5120K, 0% used [0x00000000d9000000,0x00000000d9000000,0x00000000d9500000)
  to   space 5120K, 0% used [0x00000000d8b00000,0x00000000d8b00000,0x00000000d9000000)
 ParOldGen       total 84992K, used 0K [0x0000000084400000, 0x0000000089700000, 0x00000000d6c00000)
  object space 84992K, 0% used [0x0000000084400000,0x0000000084400000,0x0000000089700000)
 Metaspace       used 4574K, capacity 4680K, committed 4736K, reserved 1056768K
  class space    used 566K, capacity 584K, committed 640K, reserved 1048576K

Card table byte_map: [0x0000000011f60000,0x0000000012340000] byte_map_base: 0x0000000011b3e000

Marking Bits: (ParMarkBitMap*) 0x000000005e6c5ce0
 Begin Bits: [0x00000000129e0000, 0x00000000148d0000)
 End Bits:   [0x00000000148d0000, 0x00000000167c0000)

Polling page: 0x0000000000f70000

CodeCache: size=245760Kb used=1353Kb max_used=1353Kb free=244406Kb
 bounds [0x0000000002ba0000, 0x0000000002e10000, 0x0000000011ba0000]
 total_blobs=490 nmethods=211 adapters=192
 compilation: enabled

Compilation events (10 events):
Event: 1.070 Thread 0x0000000017557000 nmethod 206 0x0000000002ceca10 code [0x0000000002cecb60, 0x0000000002cecc90]
Event: 1.073 Thread 0x0000000017557000  207       1       java.io.WinNTFileSystem::normalize (231 bytes)
Event: 1.078 Thread 0x0000000017557000 nmethod 207 0x0000000002ceccd0 code [0x0000000002cecfe0, 0x0000000002ceeff8]
Event: 1.078 Thread 0x0000000017557000  208       1       java.util.zip.ZStreamRef::address (5 bytes)
Event: 1.078 Thread 0x0000000017557000 nmethod 208 0x0000000002cf0dd0 code [0x0000000002cf0f20, 0x0000000002cf1030]
Event: 1.079 Thread 0x0000000017557000  209       1       java.util.zip.ZipFile::access$000 (5 bytes)
Event: 1.079 Thread 0x0000000017557000 nmethod 209 0x0000000002cf1090 code [0x0000000002cf11e0, 0x0000000002cf12d0]
Event: 1.079 Thread 0x0000000017557000  210       1       sun.nio.cs.UTF_8$Encoder::encode (359 bytes)
Event: 1.081 Thread 0x0000000017557000 nmethod 210 0x0000000002cf1350 code [0x0000000002cf1500, 0x0000000002cf1a58]
Event: 1.082 Thread 0x0000000017557000  211       1       sun.nio.cs.UTF_8$Decoder::decode (779 bytes)

GC Heap History (0 events):
No events

Deoptimization events (0 events):
No events

Classes redefined (0 events):
No events

Internal exceptions (10 events):
Event: 0.826 Thread 0x0000000002aa6000 Exception <a 'java/lang/ArrayIndexOutOfBoundsException'> (0x00000000d6d0ead0) thrown at [C:\re\workspace\8-2-build-windows-amd64-cygwin\jdk8u211\12973\hotspot\src\share\vm\runtime\sharedRuntime.cpp, line 605]
Event: 0.853 Thread 0x0000000002aa6000 Exception <a 'java/lang/ArrayIndexOutOfBoundsException'> (0x00000000d6d35440) thrown at [C:\re\workspace\8-2-build-windows-amd64-cygwin\jdk8u211\12973\hotspot\src\share\vm\runtime\sharedRuntime.cpp, line 605]
Event: 0.854 Thread 0x0000000002aa6000 Exception <a 'java/lang/ArrayIndexOutOfBoundsException'> (0x00000000d6d366a8) thrown at [C:\re\workspace\8-2-build-windows-amd64-cygwin\jdk8u211\12973\hotspot\src\share\vm\runtime\sharedRuntime.cpp, line 605]
Event: 0.855 Thread 0x0000000002aa6000 Exception <a 'java/lang/ArrayIndexOutOfBoundsException'> (0x00000000d6d38020) thrown at [C:\re\workspace\8-2-build-windows-amd64-cygwin\jdk8u211\12973\hotspot\src\share\vm\runtime\sharedRuntime.cpp, line 605]
Event: 0.881 Thread 0x0000000002aa6000 Exception <a 'java/lang/ArrayIndexOutOfBoundsException'> (0x00000000d6dfc8c8) thrown at [C:\re\workspace\8-2-build-windows-amd64-cygwin\jdk8u211\12973\hotspot\src\share\vm\runtime\sharedRuntime.cpp, line 605]
Event: 0.916 Thread 0x0000000002aa6000 Exception <a 'java/lang/ArrayIndexOutOfBoundsException'> (0x00000000d6e0f240) thrown at [C:\re\workspace\8-2-build-windows-amd64-cygwin\jdk8u211\12973\hotspot\src\share\vm\runtime\sharedRuntime.cpp, line 605]
Event: 1.017 Thread 0x0000000002aa6000 Exception <a 'java/security/PrivilegedActionException'> (0x00000000d6e5ce88) thrown at [C:\re\workspace\8-2-build-windows-amd64-cygwin\jdk8u211\12973\hotspot\src\share\vm\prims\jvm.cpp, line 1502]
Event: 1.017 Thread 0x0000000002aa6000 Exception <a 'java/security/PrivilegedActionException'> (0x00000000d6e5d098) thrown at [C:\re\workspace\8-2-build-windows-amd64-cygwin\jdk8u211\12973\hotspot\src\share\vm\prims\jvm.cpp, line 1502]
Event: 1.019 Thread 0x0000000002aa6000 Exception <a 'java/security/PrivilegedActionException'> (0x00000000d6e60d08) thrown at [C:\re\workspace\8-2-build-windows-amd64-cygwin\jdk8u211\12973\hotspot\src\share\vm\prims\jvm.cpp, line 1502]
Event: 1.019 Thread 0x0000000002aa6000 Exception <a 'java/security/PrivilegedActionException'> (0x00000000d6e60f18) thrown at [C:\re\workspace\8-2-build-windows-amd64-cygwin\jdk8u211\12973\hotspot\src\share\vm\prims\jvm.cpp, line 1502]

Events (10 events):
Event: 1.053 loading class java/util/concurrent/TimeUnit$4
Event: 1.053 loading class java/util/concurrent/TimeUnit$4 done
Event: 1.053 loading class java/util/concurrent/TimeUnit$5
Event: 1.053 loading class java/util/concurrent/TimeUnit$5 done
Event: 1.053 loading class java/util/concurrent/TimeUnit$6
Event: 1.053 loading class java/util/concurrent/TimeUnit$6 done
Event: 1.053 loading class java/util/concurrent/TimeUnit$7
Event: 1.053 loading class java/util/concurrent/TimeUnit$7 done
Event: 1.054 loading class java/nio/file/attribute/FileTime
Event: 1.054 loading class java/nio/file/attribute/FileTime done


Dynamic libraries:
0x00007ff74e210000 - 0x00007ff74e247000 	C:\Program Files\Java\jre1.8.0_211\bin\javaw.exe
0x00007ff810440000 - 0x00007ff810630000 	C:\WINDOWS\SYSTEM32\ntdll.dll
0x00007ff80eb80000 - 0x00007ff80ec32000 	C:\WINDOWS\System32\KERNEL32.DLL
0x00007ff80e240000 - 0x00007ff80e4e3000 	C:\WINDOWS\System32\KERNELBASE.dll
0x00007ff80ec40000 - 0x00007ff80ece3000 	C:\WINDOWS\System32\ADVAPI32.dll
0x00007ff80f3e0000 - 0x00007ff80f47e000 	C:\WINDOWS\System32\msvcrt.dll
0x00007ff80f7d0000 - 0x00007ff80f867000 	C:\WINDOWS\System32\sechost.dll
0x00007ff80e720000 - 0x00007ff80e840000 	C:\WINDOWS\System32\RPCRT4.dll
0x00007ff80f480000 - 0x00007ff80f614000 	C:\WINDOWS\System32\USER32.dll
0x00007ff80e0c0000 - 0x00007ff80e0e1000 	C:\WINDOWS\System32\win32u.dll
0x00007ff80f870000 - 0x00007ff80f896000 	C:\WINDOWS\System32\GDI32.dll
0x00007ff80de70000 - 0x00007ff80e004000 	C:\WINDOWS\System32\gdi32full.dll
0x00007ff80e1a0000 - 0x00007ff80e23e000 	C:\WINDOWS\System32\msvcp_win.dll
0x00007ff80d420000 - 0x00007ff80d51a000 	C:\WINDOWS\System32\ucrtbase.dll
0x00007ffffd640000 - 0x00007ffffd8c5000 	C:\WINDOWS\WinSxS\amd64_microsoft.windows.common-controls_6595b64144ccf1df_6.0.18362.778_none_e6c6b761130d4fb8\COMCTL32.dll
0x00007ff80ef70000 - 0x00007ff80f2a6000 	C:\WINDOWS\System32\combase.dll
0x00007ff80d670000 - 0x00007ff80d6f0000 	C:\WINDOWS\System32\bcryptPrimitives.dll
0x00007ff80ea90000 - 0x00007ff80eabe000 	C:\WINDOWS\System32\IMM32.DLL
0x000000005f0f0000 - 0x000000005f1c2000 	C:\Program Files\Java\jre1.8.0_211\bin\msvcr100.dll
0x000000005dea0000 - 0x000000005e745000 	C:\Program Files\Java\jre1.8.0_211\bin\server\jvm.dll
0x00007ff80eac0000 - 0x00007ff80eac8000 	C:\WINDOWS\System32\PSAPI.DLL
0x00007fffffb20000 - 0x00007fffffb29000 	C:\WINDOWS\SYSTEM32\WSOCK32.dll
0x00007ff80ab50000 - 0x00007ff80ab74000 	C:\WINDOWS\SYSTEM32\WINMM.dll
0x00007fffffb50000 - 0x00007fffffb5a000 	C:\WINDOWS\SYSTEM32\VERSION.dll
0x00007ff80f760000 - 0x00007ff80f7cf000 	C:\WINDOWS\System32\WS2_32.dll
0x00007ff80ab20000 - 0x00007ff80ab4d000 	C:\WINDOWS\SYSTEM32\winmmbase.dll
0x00007ff80e0f0000 - 0x00007ff80e13a000 	C:\WINDOWS\System32\cfgmgr32.dll
0x00007fffffb10000 - 0x00007fffffb1f000 	C:\Program Files\Java\jre1.8.0_211\bin\verify.dll
0x00007ffff9b40000 - 0x00007ffff9b69000 	C:\Program Files\Java\jre1.8.0_211\bin\java.dll
0x00007ffffab10000 - 0x00007ffffab26000 	C:\Program Files\Java\jre1.8.0_211\bin\zip.dll
0x00007ff80fd10000 - 0x00007ff8103f5000 	C:\WINDOWS\System32\SHELL32.dll
0x00007ff80eec0000 - 0x00007ff80ef69000 	C:\WINDOWS\System32\shcore.dll
0x00007ff80d6f0000 - 0x00007ff80de70000 	C:\WINDOWS\System32\windows.storage.dll
0x00007ff80d3a0000 - 0x00007ff80d3c3000 	C:\WINDOWS\System32\profapi.dll
0x00007ff80d330000 - 0x00007ff80d37a000 	C:\WINDOWS\System32\powrprof.dll
0x00007ff80d300000 - 0x00007ff80d310000 	C:\WINDOWS\System32\UMPDC.dll
0x00007ff80e6a0000 - 0x00007ff80e6f2000 	C:\WINDOWS\System32\shlwapi.dll
0x00007ff80d310000 - 0x00007ff80d321000 	C:\WINDOWS\System32\kernel.appcore.dll
0x00007ff80d400000 - 0x00007ff80d417000 	C:\WINDOWS\System32\cryptsp.dll
0x0000000180000000 - 0x0000000180071000 	C:\WINDOWS\SysWOW64\T_Prevent64.dll
0x00007ff80e930000 - 0x00007ff80ea87000 	C:\WINDOWS\System32\ole32.dll
0x00007ff80f690000 - 0x00007ff80f754000 	C:\WINDOWS\System32\OLEAUT32.dll
0x00007ff802350000 - 0x00007ff8023d9000 	C:\WINDOWS\SYSTEM32\WINSPOOL.DRV
0x00007ff80d3d0000 - 0x00007ff80d3f6000 	C:\WINDOWS\System32\bcrypt.dll
0x00007fffffc00000 - 0x00007fffffda3000 	C:\WINDOWS\WinSxS\amd64_microsoft.windows.gdiplus_6595b64144ccf1df_1.1.18362.778_none_17b1aa466d9fc986\gdiplus.dll
0x00007ff808b40000 - 0x00007ff808c2f000 	C:\WINDOWS\SYSTEM32\PROPSYS.dll
0x00007ff80c880000 - 0x00007ff80c8ba000 	C:\WINDOWS\SYSTEM32\IPHLPAPI.DLL
0x0000000018be0000 - 0x0000000018c37000 	C:\WINDOWS\SysWOW64\TDCommonLib64.dll
0x00007ff808660000 - 0x00007ff80866d000 	C:\Program Files\Java\jre1.8.0_211\bin\management.dll
0x00007ff8016a0000 - 0x00007ff8016ba000 	C:\Program Files\Java\jre1.8.0_211\bin\net.dll
0x00007ff801450000 - 0x00007ff801625000 	C:\WINDOWS\SYSTEM32\urlmon.dll
0x00007ffffda10000 - 0x00007ffffdcb6000 	C:\WINDOWS\SYSTEM32\iertutil.dll
0x00007ff80cd40000 - 0x00007ff80cd4c000 	C:\WINDOWS\SYSTEM32\CRYPTBASE.DLL
0x00007ff80cb70000 - 0x00007ff80cbd7000 	C:\WINDOWS\system32\mswsock.dll
0x00007ffffb540000 - 0x00007ffffb552000 	C:\Program Files\Java\jre1.8.0_211\bin\nio.dll
0x00007ffffa370000 - 0x00007ffffa386000 	C:\WINDOWS\system32\napinsp.dll
0x00007ffffa280000 - 0x00007ffffa29a000 	C:\WINDOWS\system32\pnrpnsp.dll
0x00007ff80c8c0000 - 0x00007ff80c98a000 	C:\WINDOWS\SYSTEM32\DNSAPI.dll
0x00007ff80f620000 - 0x00007ff80f628000 	C:\WINDOWS\System32\NSI.dll
0x00007ffffa180000 - 0x00007ffffa18e000 	C:\WINDOWS\System32\winrnr.dll
0x00007ff809bd0000 - 0x00007ff809bec000 	C:\WINDOWS\system32\NLAapi.dll
0x00007ffffa160000 - 0x00007ffffa175000 	C:\WINDOWS\system32\wshbth.dll
0x00007ff805590000 - 0x00007ff80559a000 	C:\Windows\System32\rasadhlp.dll
0x00007ff806f10000 - 0x00007ff806f87000 	C:\WINDOWS\System32\fwpuclnt.dll

VM Arguments:
jvm_args: -Dcom.sun.management.jmxremote -Dcom.sun.management.jmxremote.port=63095 -Dcom.sun.management.jmxremote.authenticate=false -Dcom.sun.management.jmxremote.ssl=false -Djava.rmi.server.hostname=localhost -Dspring.jmx.enabled=true -Dspring.application.admin.enabled=true -Xverify:none -XX:TieredStopAtLevel=1 -Dspring.boot.project.name=TopShoes -Dfile.encoding=UTF-8 
java_command: com.web.topshoes.TopShoesApplication
java_class_path (initial): D:\WorkSpace\TopShoes\target\classes;C:\Users\ALEX\.m2\repository\org\springframework\boot\spring-boot-starter-web\2.2.6.RELEASE\spring-boot-starter-web-2.2.6.RELEASE.jar;C:\Users\ALEX\.m2\repository\org\springframework\boot\spring-boot-starter\2.2.6.RELEASE\spring-boot-starter-2.2.6.RELEASE.jar;C:\Users\ALEX\.m2\repository\org\springframework\boot\spring-boot\2.2.6.RELEASE\spring-boot-2.2.6.RELEASE.jar;C:\Users\ALEX\.m2\repository\org\springframework\boot\spring-boot-autoconfigure\2.2.6.RELEASE\spring-boot-autoconfigure-2.2.6.RELEASE.jar;C:\Users\ALEX\.m2\repository\org\springframework\boot\spring-boot-starter-logging\2.2.6.RELEASE\spring-boot-starter-logging-2.2.6.RELEASE.jar;C:\Users\ALEX\.m2\repository\ch\qos\logback\logback-classic\1.2.3\logback-classic-1.2.3.jar;C:\Users\ALEX\.m2\repository\ch\qos\logback\logback-core\1.2.3\logback-core-1.2.3.jar;C:\Users\ALEX\.m2\repository\org\apache\logging\log4j\log4j-to-slf4j\2.12.1\log4j-to-slf4j-2.12.1.jar;C:\Users\ALEX\.m2\repository\org\apache\logging\log4j\log4j-api\2.12.1\log4j-api-2.12.1.jar;C:\Users\ALEX\.m2\repository\org\slf4j\jul-to-slf4j\1.7.30\jul-to-slf4j-1.7.30.jar;C:\Users\ALEX\.m2\repository\org\yaml\snakeyaml\1.25\snakeyaml-1.25.jar;C:\Users\ALEX\.m2\repository\org\springframework\boot\spring-boot-starter-json\2.2.6.RELEASE\spring-boot-starter-json-2.2.6.RELEASE.jar;C:\Users\ALEX\.m2\repository\com\fasterxml\jackson\core\jackson-databind\2.10.3\jackson-databind-2.10.3.jar;C:\Users\ALEX\.m2\repository\com\fasterxml\jackson\core\jackson-annotations\2.10.3\jackson-annotations-2.10.3.jar;C:\Users\ALEX\.m2\repository\com\fasterxml\jackson\core\jackson-core\2.10.3\jackson-core-2.10.3.jar;C:\Users\ALEX\.m2\repository\com\fasterxml\jackson\datatype\jackson-datatype-jdk8\2.10.3\jackson-datatype-jdk8-2.10.3.jar;C:\Users\ALEX\.m2\repository\com\fasterxml\jackson\datatype\jackson-datatype-jsr310\2.10.3\jackson-datatype-jsr310-2.10.3.jar;C:\Users\ALEX\.m2\repository\com\fasterxml\jackson\
Launcher Type: SUN_STANDARD

Environment Variables:
PATH=C:/Program Files/Java/jre1.8.0_211/bin/server;C:/Program Files/Java/jre1.8.0_211/bin;C:/Program Files/Java/jre1.8.0_211/lib/amd64;C:\Program Files (x86)\Common Files\Oracle\Java\javapath;C:\WINDOWS\system32;C:\WINDOWS;C:\WINDOWS\System32\Wbem;C:\WINDOWS\System32\WindowsPowerShell\v1.0\;C:\WINDOWS\System32\OpenSSH\;C:\PostgreSQL\pg10\bin;C:\Program Files\TortoiseSVN\bin;C:\Program Files (x86)\CrSSL\bin;C:\Program Files\PuTTY\;C:\Program Files\EmEditor;C:\Program Files\Microsoft SQL Server\Client SDK\ODBC\130\Tools\Binn\;C:\Program Files (x86)\Microsoft SQL Server\140\Tools\Binn\;C:\Program Files\Microsoft SQL Server\140\Tools\Binn\;C:\Program Files\Microsoft SQL Server\140\DTS\Binn\;D:\apache-maven-3.6.3\bin;D:\spring-boot-cli-2.0.0.BUILD-20180228.223228-633-bin\spring-2.0.0.BUILD-SNAPSHOT\bin;C:\Program Files\Git\cmd;C:\Users\ALEX\AppData\Local\Microsoft\WindowsApps;;C:\WINDOWS\System32;
USERNAME=ALEX
OS=Windows_NT
PROCESSOR_IDENTIFIER=Intel64 Family 6 Model 58 Stepping 9, GenuineIntel



---------------  S Y S T E M  ---------------

OS: Windows 10.0 , 64 bit Build 18362 (10.0.18362.778)

CPU:total 4 (initial active 4) (2 cores per cpu, 2 threads per core) family 6 model 58 stepping 9, cmov, cx8, fxsr, mmx, sse, sse2, sse3, ssse3, sse4.1, sse4.2, popcnt, avx, aes, clmul, erms, ht, tsc, tscinvbit, tscinv

Memory: 4k page, physical 8105940k(1167656k free), swap 27575356k(468k free)

vm_info: Java HotSpot(TM) 64-Bit Server VM (25.211-b12) for windows-amd64 JRE (1.8.0_211-b12), built on Apr  1 2019 20:53:26 by "java_re" with MS VC++ 10.0 (VS2010)

time: Sun May 03 13:42:26 2020
timezone: India Standard Time
elapsed time: 1 seconds (0d 0h 0m 1s)

